<?xml version="1.0" encoding="UTF-8"?>
<!-- Generated by org.testng.reporters.JUnitXMLReporter -->
<testsuite hostname="USER-20150804OD" name="Device1" tests="4" failures="1" timestamp="16 Mar 2016 07:48:44 GMT" time="113.674" errors="0">
  <testcase name="test_welcome" time="10.973" classname="com.lk.android.testSuite.TestCase1"/>
  <testcase name="test_loginOut" time="52.927" classname="com.lk.android.testSuite.TestCase1">
    <failure type="org.openqa.selenium.NoSuchElementException" message="An element could not be located on the page using the given search parameters. (WARNING: The server did not provide any stacktrace information)
Command duration or timeout: 30.78 seconds
For documentation on this error, please visit: http://seleniumhq.org/exceptions/no_such_element.html
Build info: version: &amp;apos;2.48.2&amp;apos;, revision: &amp;apos;41bccdd10cf2c0560f637404c2d96164b67d9d67&amp;apos;, time: &amp;apos;2015-10-09 13:08:06&amp;apos;
System info: host: &amp;apos;USER-20150804OD&amp;apos;, ip: &amp;apos;10.1.22.28&amp;apos;, os.name: &amp;apos;Windows 7&amp;apos;, os.arch: &amp;apos;amd64&amp;apos;, os.version: &amp;apos;6.1&amp;apos;, java.version: &amp;apos;1.8.0_31&amp;apos;
Driver info: com.lk.android.utils.AndroidDriverPlus
Capabilities [{app=D:\MyFile\WorkSpace\test\apps\TRoadOn-3.6.0d.apk, networkConnectionEnabled=true, warnings={}, databaseEnabled=false, deviceName=127.0.0.1:62001, platform=LINUX, desired={app=D:\MyFile\WorkSpace\test\apps\TRoadOn-3.6.0d.apk, platformVersion=5.0, browserName=, unicodeKeyboard=true, platformName=Android, deviceName=41ad3630, resetKeyboard=true}, platformVersion=4.4.2, webStorageEnabled=false, locationContextEnabled=false, browserName=, takesScreenshot=true, javascriptEnabled=true, unicodeKeyboard=true, platformName=Android, resetKeyboard=true}]
Session ID: 3b145c26-320d-4a26-b8fd-8257bfe82aca
*** Element info: {Using=name, value=设置}">
      <![CDATA[org.openqa.selenium.NoSuchElementException: An element could not be located on the page using the given search parameters. (WARNING: The server did not provide any stacktrace information)
Command duration or timeout: 30.78 seconds
For documentation on this error, please visit: http://seleniumhq.org/exceptions/no_such_element.html
Build info: version: '2.48.2', revision: '41bccdd10cf2c0560f637404c2d96164b67d9d67', time: '2015-10-09 13:08:06'
System info: host: 'USER-20150804OD', ip: '10.1.22.28', os.name: 'Windows 7', os.arch: 'amd64', os.version: '6.1', java.version: '1.8.0_31'
Driver info: com.lk.android.utils.AndroidDriverPlus
Capabilities [{app=D:\MyFile\WorkSpace\test\apps\TRoadOn-3.6.0d.apk, networkConnectionEnabled=true, warnings={}, databaseEnabled=false, deviceName=127.0.0.1:62001, platform=LINUX, desired={app=D:\MyFile\WorkSpace\test\apps\TRoadOn-3.6.0d.apk, platformVersion=5.0, browserName=, unicodeKeyboard=true, platformName=Android, deviceName=41ad3630, resetKeyboard=true}, platformVersion=4.4.2, webStorageEnabled=false, locationContextEnabled=false, browserName=, takesScreenshot=true, javascriptEnabled=true, unicodeKeyboard=true, platformName=Android, resetKeyboard=true}]
Session ID: 3b145c26-320d-4a26-b8fd-8257bfe82aca
*** Element info: {Using=name, value=设置}
	at org.openqa.selenium.remote.ErrorHandler.createThrowable(ErrorHandler.java:206)
	at org.openqa.selenium.remote.ErrorHandler.throwIfResponseFailed(ErrorHandler.java:158)
	at org.openqa.selenium.remote.RemoteWebDriver.execute(RemoteWebDriver.java:647)
	at io.appium.java_client.DefaultGenericMobileDriver.execute(DefaultGenericMobileDriver.java:42)
	at io.appium.java_client.AppiumDriver.execute(AppiumDriver.java:1)
	at io.appium.java_client.android.AndroidDriver.execute(AndroidDriver.java:1)
	at org.openqa.selenium.remote.RemoteWebDriver.findElement(RemoteWebDriver.java:353)
	at org.openqa.selenium.remote.RemoteWebDriver.findElementByName(RemoteWebDriver.java:451)
	at io.appium.java_client.DefaultGenericMobileDriver.findElementByName(DefaultGenericMobileDriver.java:102)
	at io.appium.java_client.AppiumDriver.findElementByName(AppiumDriver.java:1)
	at io.appium.java_client.android.AndroidDriver.findElementByName(AndroidDriver.java:1)
	at org.openqa.selenium.By$ByName.findElement(By.java:303)
	at org.openqa.selenium.remote.RemoteWebDriver.findElement(RemoteWebDriver.java:345)
	at io.appium.java_client.DefaultGenericMobileDriver.findElement(DefaultGenericMobileDriver.java:52)
	at io.appium.java_client.AppiumDriver.findElement(AppiumDriver.java:1)
	at io.appium.java_client.android.AndroidDriver.findElement(AndroidDriver.java:1)
	at com.lk.android.testSuite.TestCase1.test_loginOut(TestCase1.java:84)
... Removed 28 stack frames]]>
    </failure>
  </testcase> <!-- test_loginOut -->
  <testcase name="test_loginWrong" time="17.22" classname="com.lk.android.testSuite.TestCase1"/>
  <testcase name="test_loginRight" time="15.726" classname="com.lk.android.testSuite.TestCase1"/>
</testsuite> <!-- Device1 -->
